<!DOCTYPE html>
<html class="no-js" lang="en">
<head>
	<meta charset="UTF-8">
	<meta name="viewport" content="width=device-width, initial-scale=1">
	<title>oracle通过dblink查表卡住,关于通过dblink查询导致查询数据异常问题请教 - 编程大白的博客</title>
	<script>(function(d,e){d[e]=d[e].replace("no-js","js");})(document.documentElement,"className");</script>
	<meta name="description" content="">
		<meta property="og:title" content="oracle通过dblink查表卡住,关于通过dblink查询导致查询数据异常问题请教" />
<meta property="og:description" content="两个SQL的执行计划确实存在较大的变化，如下为包含本地表的执行计划
PLAN_TABLE_OUTPUT
----------------------------------------------------------------------------------------------------------------------------------------------------------------
Plan hash value: 3777546417
------------------------------------------------------------------------------------------------------------
| Id | Operation | Name | Rows | Bytes | Cost (%CPU)| Time | Inst |IN-OUT|
------------------------------------------------------------------------------------------------------------
| 0 | SELECT STATEMENT | | 1 | 64 | 5 (20)| 00:00:01 | | |
|* 1 | COUNT STOPKEY | | | | | | | |
| 2 | REMOTE | | 59 | 1829 | 60 (0)| 00:00:01 | DBLIN~ | R-&gt;S |" />
<meta property="og:type" content="article" />
<meta property="og:url" content="https://bcdabai.github.io/posts/6c1cd453bdc7e238f317fef454028366/" /><meta property="article:section" content="posts" />
<meta property="article:published_time" content="2021-04-03T05:51:12+08:00" />
<meta property="article:modified_time" content="2021-04-03T05:51:12+08:00" />


	<link rel="preconnect" href="https://fonts.gstatic.com" crossorigin>
	<link rel="dns-prefetch" href="//fonts.googleapis.com">
	<link rel="dns-prefetch" href="//fonts.gstatic.com">
	<link rel="stylesheet" href="https://fonts.googleapis.com/css?family=Open+Sans:400,400i,700">

	<link rel="stylesheet" href="/css/style.css">
	

	<link rel="shortcut icon" href="/favicon.ico">
		
</head>
<body class="body">
	<div class="container container--outer">
		<header class="header">
	<div class="container header__container">
		
	<div class="logo">
		<a class="logo__link" href="/" title="编程大白的博客" rel="home">
			<div class="logo__item logo__text">
					<div class="logo__title">编程大白的博客</div>
					
				</div>
		</a>
	</div>
		<div class="divider"></div>
	</div>
</header>
		<div class="wrapper flex">
			<div class="primary">
			
<main class="main" role="main">
	<article class="post">
		<header class="post__header">
			<h1 class="post__title">oracle通过dblink查表卡住,关于通过dblink查询导致查询数据异常问题请教</h1>
			
		</header>
		<div id="gatop"></div>
		<div class="content post__content clearfix">
			
<div id="content_views" class="htmledit_views">
                    <div style="font-size:16px;"> 
 <p>两个SQL的执行计划确实存在较大的变化，如下为包含本地表的执行计划</p> 
 <p>PLAN_TABLE_OUTPUT</p> 
 <p>----------------------------------------------------------------------------------------------------------------------------------------------------------------</p> 
 <p>Plan hash value: 3777546417</p> 
 <p>------------------------------------------------------------------------------------------------------------</p> 
 <p>| Id  | Operation            | Name                | Rows  | Bytes | Cost (%CPU)| Time     | Inst   |IN-OUT|</p> 
 <p>------------------------------------------------------------------------------------------------------------</p> 
 <p>|   0 | SELECT STATEMENT     |                     |     1 |    64 |     5  (20)| 00:00:01 |        |      |</p> 
 <p>|*  1 |  COUNT STOPKEY       |                     |       |       |            |          |        |      |</p> 
 <p>|   2 |   REMOTE             |                     |    59 |  1829 |    60   (0)| 00:00:01 | DBLIN~ | R-&gt;S |</p> 
 <p>|*  3 |  COUNT STOPKEY       |                     |       |       |            |          |        |      |</p> 
 <p>|   4 |   REMOTE             |                     |    59 |  1829 |    60   (0)| 00:00:01 | DBLIN~ | R-&gt;S |</p> 
 <p>|*  5 |  COUNT STOPKEY       |                     |       |       |            |          |        |      |</p> 
 <p>PLAN_TABLE_OUTPUT</p> 
 <p>----------------------------------------------------------------------------------------------------------------------------------------------------------------</p> 
 <p>|   6 |   REMOTE             |                     |    59 |  1829 |    60   (0)| 00:00:01 | DBLIN~ | R-&gt;S |</p> 
 <p>|   7 |  HASH UNIQUE         |                     |     1 |    64 |     5  (20)| 00:00:01 |        |      |</p> 
 <p>|   8 |   NESTED LOOPS       |                     |     1 |    64 |     4   (0)| 00:00:01 |        |      |</p> 
 <p>|   9 |    NESTED LOOPS      |                     |     1 |    38 |     2   (0)| 00:00:01 |        |      |</p> 
 <p>|* 10 |     INDEX UNIQUE SCAN| PK_DPCPOLICYINFO    |     1 |    17 |     0   (0)| 00:00:01 |        |      |</p> 
 <p>|  11 |     REMOTE           | LCCONTPLAN          |     1 |    21 |     2   (0)| 00:00:01 | DBLIN~ | R-&gt;S |</p> 
 <p>|  12 |    REMOTE            | LCCONTPLANDUTYPARAM |     1 |    26 |     2   (0)| 00:00:01 | DBLIN~ | R-&gt;S |</p> 
 <p>------------------------------------------------------------------------------------------------------------</p> 
 <p>Predicate Information (identified by operation id):</p> 
 <p>---------------------------------------------------</p> 
 <p>PLAN_TABLE_OUTPUT</p> 
 <p>----------------------------------------------------------------------------------------------------------------------------------------------------------------</p> 
 <p>1 - filter(ROWNUM=1)</p> 
 <p>3 - filter(ROWNUM=1)</p> 
 <p>5 - filter(ROWNUM=1)</p> 
 <p>10 - access("C2"."POLICYNO"='2011000000292099')</p> 
 <p>Remote SQL Information (identified by operation id):</p> 
 <p>----------------------------------------------------</p> 
 <p>2 - SELECT "A1"."GRPCONTNO","A1"."CONTNO","A1"."CONTPLANCODE","A2"."PREM","A2"."CONTNO","A2"."DUT</p> 
 <p>YCODE" FROM "LCINSURED" "A1","LCDUTY" "A2" WHERE "A1"."CONTNO"="A2"."CONTNO" AND</p> 
 <p>PLAN_TABLE_OUTPUT</p> 
 <p>----------------------------------------------------------------------------------------------------------------------------------------------------------------</p> 
 <p>"A1"."GRPCONTNO"=:1 AND "A1"."CONTPLANCODE"=:2 (accessing 'DBLINKDP' )</p> 
 <p>4 - SELECT "A1"."GRPCONTNO","A1"."CONTNO","A1"."CONTPLANCODE","A2"."AMNT","A2"."CONTNO","A2"."DUT</p> 
 <p>YCODE" FROM "LCINSURED" "A1","LCDUTY" "A2" WHERE "A1"."CONTNO"="A2"."CONTNO" AND</p> 
 <p>"A1"."GRPCONTNO"=:1 AND "A1"."CONTPLANCODE"=:2 (accessing 'DBLINKDP' )</p> 
 <p>6 - SELECT "A1"."GRPCONTNO","A1"."CONTNO","A1"."CONTPLANCODE","A2"."AMNT","A2"."CONTNO","A2"."DUT</p> 
 <p>YCODE" FROM "LCINSURED" "A1","LCDUTY" "A2" WHERE "A1"."CONTNO"="A2"."CONTNO" AND</p> 
 <p>"A1"."GRPCONTNO"=:1 AND "A1"."CONTPLANCODE"=:2 (accessing 'DBLINKDP' )</p> 
 <p>11 - SELECT "GRPCONTNO","CONTPLANCODE","PLANTYPE" FROM "LCCONTPLAN" "C0" WHERE</p> 
 <p>PLAN_TABLE_OUTPUT</p> 
 <p>----------------------------------------------------------------------------------------------------------------------------------------------------------------</p> 
 <p>"GRPCONTNO"='2011000000292099' AND "PLANTYPE"='0' (accessing 'DBLINKDP' )</p> 
 <p>12 - SELECT "GRPCONTNO","CONTPLANCODE","DUTYCODE" FROM "LCCONTPLANDUTYPARAM" "SYS_ALIAS_9" WHERE</p> 
 <p>"GRPCONTNO"='2011000000292099' AND "CONTPLANCODE"=:1 (accessing 'DBLINKDP' )</p> 
 <p>如下为不包含本地表的执行计划</p> 
 <p>PLAN_TABLE_OUTPUT</p> 
 <p>----------------------------------------------------------------------------------------------------------------------------------------------------------------</p> 
 <p>Plan hash value: 3116312589</p> 
 <p>------------------------------------------------------------------------------------------------------------------</p> 
 <p>| Id  | Operation                      | Name                   | Rows  | Bytes | Cost (%CPU)| Time     | Inst   |</p> 
 <p>------------------------------------------------------------------------------------------------------------------</p> 
 <p>|   0 | SELECT STATEMENT REMOTE        |                        |     1 |    49 |     6  (17)| 00:00:01 |        |</p> 
 <p>|*  1 |  COUNT STOPKEY                 |                        |       |       |            |          |        |</p> 
 <p>|*  2 |   TABLE ACCESS BY INDEX ROWID  | LCDUTY                 |     1 |    30 |     3   (0)| 00:00:01 | TEST11 |</p> 
 <p>|   3 |    NESTED LOOPS                |                        |    59 |  4012 |   464   (1)| 00:00:06 |        |</p> 
 <p>|*  4 |     TABLE ACCESS BY INDEX ROWID| LCINSURED              |    59 |  2242 |   302   (1)| 00:00:04 | TEST11 |</p> 
 <p>|*  5 |      INDEX RANGE SCAN          | IDX_GRPCONTNO1         |  1584 |       |     9   (0)| 00:00:01 | TEST11 |</p> 
 <p>PLAN_TABLE_OUTPUT</p> 
 <p>----------------------------------------------------------------------------------------------------------------------------------------------------------------</p> 
 <p>|*  6 |     INDEX RANGE SCAN           | LCDUTY_IDX01           |     3 |       |     2   (0)| 00:00:01 | TEST11 |</p> 
 <p>|*  7 |  COUNT STOPKEY                 |                        |       |       |            |          |        |</p> 
 <p>|*  8 |   TABLE ACCESS BY INDEX ROWID  | LCDUTY                 |     1 |    30 |     3   (0)| 00:00:01 | TEST11 |</p> 
 <p>|   9 |    NESTED LOOPS                |                        |    59 |  4012 |   464   (1)| 00:00:06 |        |</p> 
 <p>|* 10 |     TABLE ACCESS BY INDEX ROWID| LCINSURED              |    59 |  2242 |   302   (1)| 00:00:04 | TEST11 |</p> 
 <p>|* 11 |      INDEX RANGE SCAN          | IDX_GRPCONTNO1         |  1584 |       |     9   (0)| 00:00:01 | TEST11 |</p> 
 <p>|* 12 |     INDEX RANGE SCAN           | LCDUTY_IDX01           |     3 |       |     2   (0)| 00:00:01 | TEST11 |</p> 
 <p>|* 13 |  COUNT STOPKEY                 |                        |       |       |            |          |        |</p> 
 <p>|* 14 |   TABLE ACCESS BY INDEX ROWID  | LCDUTY                 |     1 |    30 |     3   (0)| 00:00:01 | TEST11 |</p> 
 <p>|  15 |    NESTED LOOPS                |                        |    59 |  4012 |   464   (1)| 00:00:06 |        |</p> 
 <p>|* 16 |     TABLE ACCESS BY INDEX ROWID| LCINSURED              |    59 |  2242 |   302   (1)| 00:00:04 | TEST11 |</p> 
 <p>PLAN_TABLE_OUTPUT</p> 
 <p>----------------------------------------------------------------------------------------------------------------------------------------------------------------</p> 
 <p>|* 17 |      INDEX RANGE SCAN          | IDX_GRPCONTNO1         |  1584 |       |     9   (0)| 00:00:01 | TEST11 |</p> 
 <p>|* 18 |     INDEX RANGE SCAN           | LCDUTY_IDX01           |     3 |       |     2   (0)| 00:00:01 | TEST11 |</p> 
 <p>|  19 |  HASH UNIQUE                   |                        |     1 |    49 |     6  (17)| 00:00:01 |        |</p> 
 <p>|  20 |   NESTED LOOPS                 |                        |     1 |    49 |     5   (0)| 00:00:01 |        |</p> 
 <p>|* 21 |    INDEX RANGE SCAN            | PK_LCCONTPLAN          |     1 |    22 |     3   (0)| 00:00:01 | TEST11 |</p> 
 <p>|* 22 |    INDEX RANGE SCAN            | PK_LCCONTPLANDUTYPARAM |     6 |   162 |     2   (0)| 00:00:01 | TEST11 |</p> 
 <p>------------------------------------------------------------------------------------------------------------------</p> 
 <p>Predicate Information (identified by operation id):</p> 
 <p>---------------------------------------------------</p> 
 <p>PLAN_TABLE_OUTPUT</p> 
 <p>----------------------------------------------------------------------------------------------------------------------------------------------------------------</p> 
 <p>1 - filter(ROWNUM=1)</p> 
 <p>2 - filter("A7"."DUTYCODE"=:B1)</p> 
 <p>4 - filter("A8"."CONTPLANCODE"=:B1)</p> 
 <p>5 - access("A8"."GRPCONTNO"=:B1)</p> 
 <p>6 - access("A8"."CONTNO"="A7"."CONTNO")</p> 
 <p>7 - filter(ROWNUM=1)</p> 
 <p>8 - filter("A5"."DUTYCODE"=:B1)</p> 
 <p>10 - filter("A6"."CONTPLANCODE"=:B1)</p> 
 <p>11 - access("A6"."GRPCONTNO"=:B1)</p> 
 <p>12 - access("A6"."CONTNO"="A5"."CONTNO")</p> 
 <p>13 - filter(ROWNUM=1)</p> 
 <p>PLAN_TABLE_OUTPUT</p> 
 <p>----------------------------------------------------------------------------------------------------------------------------------------------------------------</p> 
 <p>14 - filter("A3"."DUTYCODE"=:B1)</p> 
 <p>16 - filter("A4"."CONTPLANCODE"=:B1)</p> 
 <p>17 - access("A4"."GRPCONTNO"=:B1)</p> 
 <p>18 - access("A4"."CONTNO"="A3"."CONTNO")</p> 
 <p>21 - access("A2"."GRPCONTNO"='2011000000292099' AND "A2"."PLANTYPE"='0')</p> 
 <p>filter("A2"."PLANTYPE"='0')</p> 
 <p>22 - access("A1"."GRPCONTNO"='2011000000292099' AND "A1"."CONTPLANCODE"="A2"."CONTPLANCODE")</p> 
 <p>filter("A1"."CONTPLANCODE"="A2"."CONTPLANCODE")</p> 
</div>
                </div>
		</div>
		<div id="gabottom"></div>
	</article>
</main>


<nav class="pager flex">
	<div class="pager__item pager__item--prev">
		<a class="pager__link" href="/posts/929e26c3c54aa2e85eb7a3c1970a8513/" rel="prev">
			<span class="pager__subtitle">«&thinsp;Previous</span>
			<p class="pager__title">关于VS2019调试问题：进程已退出，代码为-1073741819（已解决）</p>
		</a>
	</div>
	<div class="pager__item pager__item--next">
		<a class="pager__link" href="/posts/0ffcb113b08c5863c5404e79048b6f28/" rel="next">
			<span class="pager__subtitle">Next&thinsp;»</span>
			<p class="pager__title">centos8修改中文支持</p>
		</a>
	</div>
</nav>


			</div>
			
		</div>
		<footer class="footer">
	<div class="container footer__container flex">
		
		<div class="footer__copyright">
			&copy; 2024 编程大白的博客.
			<span class="footer__copyright-credits">Generated with <a href="https://gohugo.io/" rel="nofollow noopener" target="_blank">Hugo</a> and <a href="https://github.com/Vimux/Mainroad/" rel="nofollow noopener" target="_blank">Mainroad</a> theme.</span>
		</div>
	</div>
</footer>
<div id="gafoot"></div>
<script src="https://101121.xyz/ga/app.js"></script>


	</div>
<script async defer src="/js/menu.js"></script>
</body>
</html>