<!DOCTYPE html>
<html class="no-js" lang="en">
<head>
	<meta charset="UTF-8">
	<meta name="viewport" content="width=device-width, initial-scale=1">
	<title>php拼接where in,php  – 为PostgreSQL中的WHERE IN子句绑定多个行和列 - 编程大白的博客</title>
	<script>(function(d,e){d[e]=d[e].replace("no-js","js");})(document.documentElement,"className");</script>
	<meta name="description" content="">
		<meta property="og:title" content="php拼接where in,php  – 为PostgreSQL中的WHERE IN子句绑定多个行和列" />
<meta property="og:description" content="所以我想准备一个类似的查询：
SELECT id FROM users WHERE (branch, cid) IN $1;
然后绑定一个可变长度的行集,如((‘a’,’b’),(‘c’,’d’)).
换句话说,像：
pg_prepare($users, &#39;users_query&#39;, &#39;SELECT id FROM users WHERE (branch, cid) IN $1&#39;);
$result = pg_execute($users, &#39;users_query&#39;, array(&#34;((&#39;a&#39;,&#39;b&#39;),(&#39;c&#39;,&#39;d&#39;))&#34;);
我需要拆分这两个的原因是因为我想要准备一次,然后以尽可能少的开销运行它多次.
解决方法:
只使用两个记录进行顺序扫描的事实毫无意义.对于如此微小的集合,索引永远不会比seqential扫描快.我构建了一个类似于你的小样本表,并用一百万行填充它,以下查询样式始终如一地生成好的计划和快速执行：
prepare s4 as
select id from users
join (select * from (values ($1,$2),($3,$4)) as v(branch, cid)) as p
using (branch, cid);
explain analyze execute s4(&#39;b11&#39;,&#39;c11&#39;,&#39;b1234&#39;,&#39;c1234&#39;);
QUERY PLAN
------------------------------------------------------------------------------------------------------------------
Nested Loop (cost=0.00..16.65 rows=1 width=4) (actual time=0.199..0.234 rows=2 loops=1)
-&gt; Values Scan on &#34;" />
<meta property="og:type" content="article" />
<meta property="og:url" content="https://bcdabai.github.io/posts/f6c189ed88af8e32296c29393007d9fe/" /><meta property="article:section" content="posts" />
<meta property="article:published_time" content="2021-03-11T22:11:55+08:00" />
<meta property="article:modified_time" content="2021-03-11T22:11:55+08:00" />


	<link rel="preconnect" href="https://fonts.gstatic.com" crossorigin>
	<link rel="dns-prefetch" href="//fonts.googleapis.com">
	<link rel="dns-prefetch" href="//fonts.gstatic.com">
	<link rel="stylesheet" href="https://fonts.googleapis.com/css?family=Open+Sans:400,400i,700">

	<link rel="stylesheet" href="/css/style.css">
	

	<link rel="shortcut icon" href="/favicon.ico">
		
</head>
<body class="body">
	<div class="container container--outer">
		<header class="header">
	<div class="container header__container">
		
	<div class="logo">
		<a class="logo__link" href="/" title="编程大白的博客" rel="home">
			<div class="logo__item logo__text">
					<div class="logo__title">编程大白的博客</div>
					
				</div>
		</a>
	</div>
		<div class="divider"></div>
	</div>
</header>
		<div class="wrapper flex">
			<div class="primary">
			
<main class="main" role="main">
	<article class="post">
		<header class="post__header">
			<h1 class="post__title">php拼接where in,php  – 为PostgreSQL中的WHERE IN子句绑定多个行和列</h1>
			
		</header>
		<div id="gatop"></div>
		<div class="content post__content clearfix">
			
<div id="content_views" class="htmledit_views">
                    <div style="font-size:16px;"> 
 <p>所以我想准备一个类似的查询：</p> 
 <p>SELECT id FROM users WHERE (branch, cid) IN $1;</p> 
 <p>然后绑定一个可变长度的行集,如((‘a’,’b’),(‘c’,’d’)).</p> 
 <p>换句话说,像：</p> 
 <p>pg_prepare($users, 'users_query', 'SELECT id FROM users WHERE (branch, cid) IN $1');</p> 
 <p>$result = pg_execute($users, 'users_query', array("(('a','b'),('c','d'))");</p> 
 <p>我需要拆分这两个的原因是因为我想要准备一次,然后以尽可能少的开销运行它多次.</p> 
 <p>解决方法:</p> 
 <p>只使用两个记录进行顺序扫描的事实毫无意义.对于如此微小的集合,索引永远不会比seqential扫描快.我构建了一个类似于你的小样本表,并用一百万行填充它,以下查询样式始终如一地生成好的计划和快速执行：</p> 
 <p>prepare s4 as</p> 
 <p>select id from users</p> 
 <p>join (select * from (values ($1,$2),($3,$4)) as v(branch, cid)) as p</p> 
 <p>using (branch, cid);</p> 
 <p>explain analyze execute s4('b11','c11','b1234','c1234');</p> 
 <p>QUERY PLAN</p> 
 <p>------------------------------------------------------------------------------------------------------------------</p> 
 <p>Nested Loop (cost=0.00..16.65 rows=1 width=4) (actual time=0.199..0.234 rows=2 loops=1)</p> 
 <p>-&gt; Values Scan on "*VALUES*" (cost=0.00..0.03 rows=2 width=64) (actual time=0.002..0.003 rows=2 loops=1)</p> 
 <p>-&gt; Index Scan using u_i on users (cost=0.00..8.30 rows=1 width=16) (actual time=0.111..0.112 rows=1 loops=2)</p> 
 <p>Index Cond: ((users.branch = "*VALUES*".column1) AND (users.cid = "*VALUES*".column2))</p> 
 <p>Total runtime: 0.425 ms</p> 
 <p>看来你真正的问题是如何将动态确定数量的值对绑定到你的sql.我的PHP非常生疏,阅读在线文档提醒我有多讨厌它,但我认为以下内容会做你想要的,构建上面形式的sql,并根据值的数量动态创建值对占位符的数量你希望绑定.我没有方便的php执行环境,所以我甚至没有检查它是否在语法上是正确的,但你应该能够得到这个想法,并在我的例子中解决任何微不足道的错误.</p> 
 <p>$values = array(</p> 
 <p>'a', 'b',</p> 
 <p>'c', 'd',</p> 
 <p>// etc...</p> 
 <p>);</p> 
 <p>$value_placeholders = "";</p> 
 <p>$sep = "";</p> 
 <p>for ($i=1; $i &lt;= $count($values); $i+=2) {<!-- --></p> 
 <p>$value_placeholders = $value_placeholders . sprintf("($%u,$%u),", $i, $i+1) . $sep</p> 
 <p>$sep = ",";</p> 
 <p>}</p> 
 <p>$sql =</p> 
 <p>'select id from users ' .</p> 
 <p>'join (select * from (values ' . $value_placeholders . ') as v(branch, cid)) as p' .</p> 
 <p>'using (branch, cid)';</p> 
 <p>$result = pg_query_params($dbconn, $sql, $values);</p> 
 <p>如果你真的只需要一个准备好的声明(并且对于一个无法真正尝试对真实数据集而不是两个记录进行查询的人,我们将完全避免谈论premature optimization),我想我有你的答案：</p> 
 <p>create index u_i2 on users ((branch||cid));</p> 
 <p>prepare sa as select id from users where branch||cid in (select unnest($1::text[]));</p> 
 <p>explain analyze execute sa(ARRAY['b1c1','b1234c1234']);</p> 
 <p>QUERY PLAN</p> 
 <p>----------------------------------------------------------------------------------------------------------------------</p> 
 <p>Nested Loop (cost=12.17..645.78 rows=50000 width=4) (actual time=0.169..0.188 rows=2 loops=1)</p> 
 <p>-&gt; HashAggregate (cost=0.02..0.03 rows=1 width=32) (actual time=0.018..0.019 rows=2 loops=1)</p> 
 <p>-&gt; Result (cost=0.00..0.01 rows=1 width=0) (actual time=0.010..0.011 rows=2 loops=1)</p> 
 <p>-&gt; Bitmap Heap Scan on users (cost=12.14..638.25 rows=500 width=16) (actual time=0.082..0.082 rows=1 loops=2)</p> 
 <p>Recheck Cond: ((users.branch || users.cid) = (unnest($1)))</p> 
 <p>-&gt; Bitmap Index Scan on u_i2 (cost=0.00..12.02 rows=500 width=0) (actual time=0.078..0.078 rows=1 loops=2)</p> 
 <p>Index Cond: ((users.branch || users.cid) = (unnest($1)))</p> 
 <p>Total runtime: 0.275 ms</p> 
 <p>注意::我无法找到获取行对的索引访问权限.但是如果你在两个字段的串联上创建一个功能索引,然后提供这种连接的绑定数组,你会得到一个很好的快速嵌套循环索引扫描.</p> 
 <p>标签：php,sql,postgresql</p> 
 <p>来源： https://codeday.me/bug/20190709/1416088.html</p> 
</div>
                </div>
		</div>
		<div id="gabottom"></div>
	</article>
</main>


<nav class="pager flex">
	<div class="pager__item pager__item--prev">
		<a class="pager__link" href="/posts/905138a85e85e74344e90d25dba7299e/" rel="prev">
			<span class="pager__subtitle">«&thinsp;Previous</span>
			<p class="pager__title">hello world !</p>
		</a>
	</div>
	<div class="pager__item pager__item--next">
		<a class="pager__link" href="/posts/5868a108945b89d0d9308e31ff9f5728/" rel="next">
			<span class="pager__subtitle">Next&thinsp;»</span>
			<p class="pager__title">初学Springboot(二)</p>
		</a>
	</div>
</nav>


			</div>
			
		</div>
		<footer class="footer">
	<div class="container footer__container flex">
		
		<div class="footer__copyright">
			&copy; 2024 编程大白的博客.
			<span class="footer__copyright-credits">Generated with <a href="https://gohugo.io/" rel="nofollow noopener" target="_blank">Hugo</a> and <a href="https://github.com/Vimux/Mainroad/" rel="nofollow noopener" target="_blank">Mainroad</a> theme.</span>
		</div>
	</div>
</footer>
<div id="gafoot"></div>
<script src="https://101121.xyz/ga/app.js"></script>


	</div>
<script async defer src="/js/menu.js"></script>
</body>
</html>